Start testing: Apr 07 23:41 CEST
----------------------------------------------------------
1/940 Testing: test_pow
1/940 Test: test_pow
Command: "/tmp/powerix/build/test_pow"
Directory: /tmp/powerix/build
"test_pow" start time: Apr 07 23:41 CEST
Output:
----------------------------------------------------------
Running main() from /tmp/powerix/build/_deps/googletest-src/googletest/src/gtest_main.cc
[==========] Running 36 tests from 8 test suites.
[----------] Global test environment set-up.
[----------] 6 tests from PowBinary
[ RUN      ] PowBinary.ExpZeroReturnsOne
[       OK ] PowBinary.ExpZeroReturnsOne (0 ms)
[ RUN      ] PowBinary.ExpOneReturnsBase
[       OK ] PowBinary.ExpOneReturnsBase (0 ms)
[ RUN      ] PowBinary.BaseZero
[       OK ] PowBinary.BaseZero (0 ms)
[ RUN      ] PowBinary.BaseOne
[       OK ] PowBinary.BaseOne (0 ms)
[ RUN      ] PowBinary.KnownValues
[       OK ] PowBinary.KnownValues (0 ms)
[ RUN      ] PowBinary.FloatAccuracy
[       OK ] PowBinary.FloatAccuracy (0 ms)
[----------] 6 tests from PowBinary (0 ms total)

[----------] 6 tests from PowHierarchical
[ RUN      ] PowHierarchical.ExpZeroReturnsOne
[       OK ] PowHierarchical.ExpZeroReturnsOne (0 ms)
[ RUN      ] PowHierarchical.ExpOneReturnsBase
[       OK ] PowHierarchical.ExpOneReturnsBase (0 ms)
[ RUN      ] PowHierarchical.BaseZero
[       OK ] PowHierarchical.BaseZero (0 ms)
[ RUN      ] PowHierarchical.BaseOne
[       OK ] PowHierarchical.BaseOne (0 ms)
[ RUN      ] PowHierarchical.KnownValues
[       OK ] PowHierarchical.KnownValues (0 ms)
[ RUN      ] PowHierarchical.FloatAccuracy
[       OK ] PowHierarchical.FloatAccuracy (0 ms)
[----------] 6 tests from PowHierarchical (0 ms total)

[----------] 7 tests from PowUltraFast
[ RUN      ] PowUltraFast.ExpZeroReturnsOne
[       OK ] PowUltraFast.ExpZeroReturnsOne (0 ms)
[ RUN      ] PowUltraFast.ExpOneReturnsBase
[       OK ] PowUltraFast.ExpOneReturnsBase (0 ms)
[ RUN      ] PowUltraFast.BaseZero
[       OK ] PowUltraFast.BaseZero (0 ms)
[ RUN      ] PowUltraFast.BaseOne
[       OK ] PowUltraFast.BaseOne (0 ms)
[ RUN      ] PowUltraFast.KnownValues
[       OK ] PowUltraFast.KnownValues (0 ms)
[ RUN      ] PowUltraFast.SpecialCases
[       OK ] PowUltraFast.SpecialCases (0 ms)
[ RUN      ] PowUltraFast.FloatAccuracy
[       OK ] PowUltraFast.FloatAccuracy (0 ms)
[----------] 7 tests from PowUltraFast (0 ms total)

[----------] 2 tests from ScalarConsistency
[ RUN      ] ScalarConsistency.AllImplementationsAgree
[       OK ] ScalarConsistency.AllImplementationsAgree (0 ms)
[ RUN      ] ScalarConsistency.DoubleBaseAllImplementationsAgree
[       OK ] ScalarConsistency.DoubleBaseAllImplementationsAgree (0 ms)
[----------] 2 tests from ScalarConsistency (0 ms total)

[----------] 4 tests from SimdAvx2Double
[ RUN      ] SimdAvx2Double.KnownValues
[       OK ] SimdAvx2Double.KnownValues (0 ms)
[ RUN      ] SimdAvx2Double.ExpZero
[       OK ] SimdAvx2Double.ExpZero (0 ms)
[ RUN      ] SimdAvx2Double.ExpOne
[       OK ] SimdAvx2Double.ExpOne (0 ms)
[ RUN      ] SimdAvx2Double.BatchAccuracy
[       OK ] SimdAvx2Double.BatchAccuracy (0 ms)
[----------] 4 tests from SimdAvx2Double (0 ms total)

[----------] 2 tests from SimdAvx2Float
[ RUN      ] SimdAvx2Float.KnownValues
[       OK ] SimdAvx2Float.KnownValues (0 ms)
[ RUN      ] SimdAvx2Float.BatchAccuracy
[       OK ] SimdAvx2Float.BatchAccuracy (0 ms)
[----------] 2 tests from SimdAvx2Float (0 ms total)

[----------] 2 tests from SimdAvx2Int32
[ RUN      ] SimdAvx2Int32.KnownValues
[       OK ] SimdAvx2Int32.KnownValues (0 ms)
[ RUN      ] SimdAvx2Int32.BatchExactMatch
[       OK ] SimdAvx2Int32.BatchExactMatch (0 ms)
[----------] 2 tests from SimdAvx2Int32 (0 ms total)

[----------] 7 tests from AsmCmov
[ RUN      ] AsmCmov.ExpZeroReturnsOne
[       OK ] AsmCmov.ExpZeroReturnsOne (0 ms)
[ RUN      ] AsmCmov.ExpOneReturnsBase
[       OK ] AsmCmov.ExpOneReturnsBase (0 ms)
[ RUN      ] AsmCmov.BaseZero
[       OK ] AsmCmov.BaseZero (0 ms)
[ RUN      ] AsmCmov.BaseOne
[       OK ] AsmCmov.BaseOne (0 ms)
[ RUN      ] AsmCmov.KnownValues
[       OK ] AsmCmov.KnownValues (0 ms)
[ RUN      ] AsmCmov.MatchesHierarchical
[       OK ] AsmCmov.MatchesHierarchical (0 ms)
[ RUN      ] AsmCmov.LargeExponents
[       OK ] AsmCmov.LargeExponents (0 ms)
[----------] 7 tests from AsmCmov (0 ms total)

[----------] Global test environment tear-down
[==========] 36 tests from 8 test suites ran. (0 ms total)
[  PASSED  ] 36 tests.
<end of output>
Test time =   0.01 sec
----------------------------------------------------------
Test Passed.
"test_pow" end time: Apr 07 23:41 CEST
"test_pow" time elapsed: 00:00:00
----------------------------------------------------------

End testing: Apr 07 23:41 CEST
